[23:24:06] [ServerMain/INFO]: Environment: Environment[sessionHost=https://sessionserver.mojang.com, servicesHost=https://api.minecraftservices.com, name=PROD]
[23:24:08] [ServerMain/INFO]: Loaded 1290 recipes
[23:24:10] [Server thread/INFO]: Starting minecraft server version 1.21
[23:24:10] [Server thread/INFO]: Loading properties
[23:24:10] [Server thread/INFO]: This server is running CraftBukkit version 4226-Spigot-146439e-2889b3a (MC: 1.21) (Implementing API version 1.21-R0.1-SNAPSHOT)
[23:24:11] [Server thread/INFO]: Debug logging is disabled
[23:24:11] [Server thread/INFO]: Server Ping Player Sample Count: 12
[23:24:11] [Server thread/INFO]: Using 4 threads for Netty based IO
[23:24:11] [Server thread/INFO]: Default game type: SURVIVAL
[23:24:11] [Server thread/INFO]: Generating keypair
[23:24:11] [Server thread/INFO]: Starting Minecraft server on *:25565
[23:24:11] [Server thread/INFO]: Using default channel type
[23:24:11] [Server thread/ERROR]: Could not load 'plugins\bungeecord-prometheus-exporter-3.2.2.jar'
org.bukkit.plugin.InvalidDescriptionException: Invalid plugin.yml
	at org.bukkit.plugin.java.JavaPluginLoader.getPluginDescription(JavaPluginLoader.java:170) ~[spigot-api-1.21-R0.1-SNAPSHOT.jar:?]
	at org.bukkit.plugin.SimplePluginManager.loadPlugins(SimplePluginManager.java:158) ~[spigot-api-1.21-R0.1-SNAPSHOT.jar:?]
	at org.bukkit.plugin.SimplePluginManager.loadPlugins(SimplePluginManager.java:122) ~[spigot-api-1.21-R0.1-SNAPSHOT.jar:?]
	at org.bukkit.craftbukkit.v1_21_R1.CraftServer.loadPlugins(CraftServer.java:456) ~[spigot-1.21-R0.1-SNAPSHOT.jar:4226-Spigot-146439e-2889b3a]
	at net.minecraft.server.dedicated.DedicatedServer.e(DedicatedServer.java:236) ~[spigot-1.21-R0.1-SNAPSHOT.jar:4226-Spigot-146439e-2889b3a]
	at net.minecraft.server.MinecraftServer.y(MinecraftServer.java:1017) ~[spigot-1.21-R0.1-SNAPSHOT.jar:4226-Spigot-146439e-2889b3a]
	at net.minecraft.server.MinecraftServer.lambda$spin$0(MinecraftServer.java:318) ~[spigot-1.21-R0.1-SNAPSHOT.jar:4226-Spigot-146439e-2889b3a]
	at java.base/java.lang.Thread.run(Thread.java:1570) [?:?]
Caused by: java.io.FileNotFoundException: Jar does not contain plugin.yml
	... 8 more
[23:24:12] [Server thread/ERROR]: Could not load 'plugins\BungeeCord.jar'
org.bukkit.plugin.InvalidDescriptionException: Invalid plugin.yml
	at org.bukkit.plugin.java.JavaPluginLoader.getPluginDescription(JavaPluginLoader.java:170) ~[spigot-api-1.21-R0.1-SNAPSHOT.jar:?]
	at org.bukkit.plugin.SimplePluginManager.loadPlugins(SimplePluginManager.java:158) ~[spigot-api-1.21-R0.1-SNAPSHOT.jar:?]
	at org.bukkit.plugin.SimplePluginManager.loadPlugins(SimplePluginManager.java:122) ~[spigot-api-1.21-R0.1-SNAPSHOT.jar:?]
	at org.bukkit.craftbukkit.v1_21_R1.CraftServer.loadPlugins(CraftServer.java:456) ~[spigot-1.21-R0.1-SNAPSHOT.jar:4226-Spigot-146439e-2889b3a]
	at net.minecraft.server.dedicated.DedicatedServer.e(DedicatedServer.java:236) ~[spigot-1.21-R0.1-SNAPSHOT.jar:4226-Spigot-146439e-2889b3a]
	at net.minecraft.server.MinecraftServer.y(MinecraftServer.java:1017) ~[spigot-1.21-R0.1-SNAPSHOT.jar:4226-Spigot-146439e-2889b3a]
	at net.minecraft.server.MinecraftServer.lambda$spin$0(MinecraftServer.java:318) ~[spigot-1.21-R0.1-SNAPSHOT.jar:4226-Spigot-146439e-2889b3a]
	at java.base/java.lang.Thread.run(Thread.java:1570) [?:?]
Caused by: java.io.FileNotFoundException: Jar does not contain plugin.yml
	... 8 more
[23:24:12] [Server thread/ERROR]: Could not load 'plugins\reconnect-1.2.0.jar'
org.bukkit.plugin.InvalidDescriptionException: Invalid plugin.yml
	at org.bukkit.plugin.java.JavaPluginLoader.getPluginDescription(JavaPluginLoader.java:170) ~[spigot-api-1.21-R0.1-SNAPSHOT.jar:?]
	at org.bukkit.plugin.SimplePluginManager.loadPlugins(SimplePluginManager.java:158) ~[spigot-api-1.21-R0.1-SNAPSHOT.jar:?]
	at org.bukkit.plugin.SimplePluginManager.loadPlugins(SimplePluginManager.java:122) ~[spigot-api-1.21-R0.1-SNAPSHOT.jar:?]
	at org.bukkit.craftbukkit.v1_21_R1.CraftServer.loadPlugins(CraftServer.java:456) ~[spigot-1.21-R0.1-SNAPSHOT.jar:4226-Spigot-146439e-2889b3a]
	at net.minecraft.server.dedicated.DedicatedServer.e(DedicatedServer.java:236) ~[spigot-1.21-R0.1-SNAPSHOT.jar:4226-Spigot-146439e-2889b3a]
	at net.minecraft.server.MinecraftServer.y(MinecraftServer.java:1017) ~[spigot-1.21-R0.1-SNAPSHOT.jar:4226-Spigot-146439e-2889b3a]
	at net.minecraft.server.MinecraftServer.lambda$spin$0(MinecraftServer.java:318) ~[spigot-1.21-R0.1-SNAPSHOT.jar:4226-Spigot-146439e-2889b3a]
	at java.base/java.lang.Thread.run(Thread.java:1570) [?:?]
Caused by: java.io.FileNotFoundException: Jar does not contain plugin.yml
	... 8 more
[23:24:12] [Server thread/ERROR]: Could not load 'plugins\SOTReqirement.jar'
org.bukkit.plugin.InvalidDescriptionException: Invalid plugin.yml
	at org.bukkit.plugin.java.JavaPluginLoader.getPluginDescription(JavaPluginLoader.java:170) ~[spigot-api-1.21-R0.1-SNAPSHOT.jar:?]
	at org.bukkit.plugin.SimplePluginManager.loadPlugins(SimplePluginManager.java:158) ~[spigot-api-1.21-R0.1-SNAPSHOT.jar:?]
	at org.bukkit.plugin.SimplePluginManager.loadPlugins(SimplePluginManager.java:122) ~[spigot-api-1.21-R0.1-SNAPSHOT.jar:?]
	at org.bukkit.craftbukkit.v1_21_R1.CraftServer.loadPlugins(CraftServer.java:456) ~[spigot-1.21-R0.1-SNAPSHOT.jar:4226-Spigot-146439e-2889b3a]
	at net.minecraft.server.dedicated.DedicatedServer.e(DedicatedServer.java:236) ~[spigot-1.21-R0.1-SNAPSHOT.jar:4226-Spigot-146439e-2889b3a]
	at net.minecraft.server.MinecraftServer.y(MinecraftServer.java:1017) ~[spigot-1.21-R0.1-SNAPSHOT.jar:4226-Spigot-146439e-2889b3a]
	at net.minecraft.server.MinecraftServer.lambda$spin$0(MinecraftServer.java:318) ~[spigot-1.21-R0.1-SNAPSHOT.jar:4226-Spigot-146439e-2889b3a]
	at java.base/java.lang.Thread.run(Thread.java:1570) [?:?]
Caused by: java.io.FileNotFoundException: Jar does not contain plugin.yml
	... 8 more
[23:24:12] [Server thread/ERROR]: Could not load 'plugins\[MineBBS]-ISeeYou-1.2.1-all.jar'
org.bukkit.plugin.InvalidDescriptionException: Invalid plugin.yml
	at org.bukkit.plugin.java.JavaPluginLoader.getPluginDescription(JavaPluginLoader.java:170) ~[spigot-api-1.21-R0.1-SNAPSHOT.jar:?]
	at org.bukkit.plugin.SimplePluginManager.loadPlugins(SimplePluginManager.java:158) ~[spigot-api-1.21-R0.1-SNAPSHOT.jar:?]
	at org.bukkit.plugin.SimplePluginManager.loadPlugins(SimplePluginManager.java:122) ~[spigot-api-1.21-R0.1-SNAPSHOT.jar:?]
	at org.bukkit.craftbukkit.v1_21_R1.CraftServer.loadPlugins(CraftServer.java:456) ~[spigot-1.21-R0.1-SNAPSHOT.jar:4226-Spigot-146439e-2889b3a]
	at net.minecraft.server.dedicated.DedicatedServer.e(DedicatedServer.java:236) ~[spigot-1.21-R0.1-SNAPSHOT.jar:4226-Spigot-146439e-2889b3a]
	at net.minecraft.server.MinecraftServer.y(MinecraftServer.java:1017) ~[spigot-1.21-R0.1-SNAPSHOT.jar:4226-Spigot-146439e-2889b3a]
	at net.minecraft.server.MinecraftServer.lambda$spin$0(MinecraftServer.java:318) ~[spigot-1.21-R0.1-SNAPSHOT.jar:4226-Spigot-146439e-2889b3a]
	at java.base/java.lang.Thread.run(Thread.java:1570) [?:?]
Caused by: java.io.FileNotFoundException: Jar does not contain plugin.yml
	... 8 more
[23:24:12] [Server thread/WARN]: Initializing Legacy Material Support. Unless you have legacy plugins and/or data this is a bug!
[23:24:22] [Server thread/WARN]: Legacy plugin Stp v1.0.1 does not specify an api-version.
[23:24:22] [Server thread/WARN]: Legacy plugin EaglercraftXBungee v1.0.9 does not specify an api-version.
[23:24:22] [Server thread/ERROR]: Could not load 'plugins\EaglerXBungee-1.0.9.jar'
org.bukkit.plugin.InvalidPluginException: java.lang.NoClassDefFoundError: net/md_5/bungee/api/plugin/Plugin
	at org.bukkit.plugin.java.JavaPluginLoader.loadPlugin(JavaPluginLoader.java:149) ~[spigot-api-1.21-R0.1-SNAPSHOT.jar:?]
	at org.bukkit.plugin.SimplePluginManager.loadPlugin(SimplePluginManager.java:406) ~[spigot-api-1.21-R0.1-SNAPSHOT.jar:?]
	at org.bukkit.plugin.SimplePluginManager.loadPlugins(SimplePluginManager.java:313) ~[spigot-api-1.21-R0.1-SNAPSHOT.jar:?]
	at org.bukkit.plugin.SimplePluginManager.loadPlugins(SimplePluginManager.java:122) ~[spigot-api-1.21-R0.1-SNAPSHOT.jar:?]
	at org.bukkit.craftbukkit.v1_21_R1.CraftServer.loadPlugins(CraftServer.java:456) ~[spigot-1.21-R0.1-SNAPSHOT.jar:4226-Spigot-146439e-2889b3a]
	at net.minecraft.server.dedicated.DedicatedServer.e(DedicatedServer.java:236) ~[spigot-1.21-R0.1-SNAPSHOT.jar:4226-Spigot-146439e-2889b3a]
	at net.minecraft.server.MinecraftServer.y(MinecraftServer.java:1017) ~[spigot-1.21-R0.1-SNAPSHOT.jar:4226-Spigot-146439e-2889b3a]
	at net.minecraft.server.MinecraftServer.lambda$spin$0(MinecraftServer.java:318) ~[spigot-1.21-R0.1-SNAPSHOT.jar:4226-Spigot-146439e-2889b3a]
	at java.base/java.lang.Thread.run(Thread.java:1570) [?:?]
Caused by: java.lang.NoClassDefFoundError: net/md_5/bungee/api/plugin/Plugin
	at java.base/java.lang.ClassLoader.defineClass1(Native Method) ~[?:?]
	at java.base/java.lang.ClassLoader.defineClass(ClassLoader.java:1023) ~[?:?]
	at java.base/java.security.SecureClassLoader.defineClass(SecureClassLoader.java:150) ~[?:?]
	at org.bukkit.plugin.java.PluginClassLoader.findClass(PluginClassLoader.java:206) ~[spigot-api-1.21-R0.1-SNAPSHOT.jar:?]
	at java.base/java.lang.ClassLoader.loadClass(ClassLoader.java:592) ~[?:?]
	at org.bukkit.plugin.java.PluginClassLoader.loadClass0(PluginClassLoader.java:117) ~[spigot-api-1.21-R0.1-SNAPSHOT.jar:?]
	at org.bukkit.plugin.java.PluginClassLoader.loadClass(PluginClassLoader.java:112) ~[spigot-api-1.21-R0.1-SNAPSHOT.jar:?]
	at java.base/java.lang.ClassLoader.loadClass(ClassLoader.java:525) ~[?:?]
	at java.base/java.lang.Class.forName0(Native Method) ~[?:?]
	at java.base/java.lang.Class.forName(Class.java:529) ~[?:?]
	at java.base/java.lang.Class.forName(Class.java:508) ~[?:?]
	at org.bukkit.plugin.java.PluginClassLoader.<init>(PluginClassLoader.java:68) ~[spigot-api-1.21-R0.1-SNAPSHOT.jar:?]
	at org.bukkit.plugin.java.JavaPluginLoader.loadPlugin(JavaPluginLoader.java:145) ~[spigot-api-1.21-R0.1-SNAPSHOT.jar:?]
	... 8 more
Caused by: java.lang.ClassNotFoundException: net.md_5.bungee.api.plugin.Plugin
	at org.bukkit.plugin.java.PluginClassLoader.loadClass0(PluginClassLoader.java:160) ~[spigot-api-1.21-R0.1-SNAPSHOT.jar:?]
	at org.bukkit.plugin.java.PluginClassLoader.loadClass(PluginClassLoader.java:112) ~[spigot-api-1.21-R0.1-SNAPSHOT.jar:?]
	at java.base/java.lang.ClassLoader.loadClass(ClassLoader.java:525) ~[?:?]
	at java.base/java.lang.ClassLoader.defineClass1(Native Method) ~[?:?]
	at java.base/java.lang.ClassLoader.defineClass(ClassLoader.java:1023) ~[?:?]
	at java.base/java.security.SecureClassLoader.defineClass(SecureClassLoader.java:150) ~[?:?]
	at org.bukkit.plugin.java.PluginClassLoader.findClass(PluginClassLoader.java:206) ~[spigot-api-1.21-R0.1-SNAPSHOT.jar:?]
	at java.base/java.lang.ClassLoader.loadClass(ClassLoader.java:592) ~[?:?]
	at org.bukkit.plugin.java.PluginClassLoader.loadClass0(PluginClassLoader.java:117) ~[spigot-api-1.21-R0.1-SNAPSHOT.jar:?]
	at org.bukkit.plugin.java.PluginClassLoader.loadClass(PluginClassLoader.java:112) ~[spigot-api-1.21-R0.1-SNAPSHOT.jar:?]
	at java.base/java.lang.ClassLoader.loadClass(ClassLoader.java:525) ~[?:?]
	at java.base/java.lang.Class.forName0(Native Method) ~[?:?]
	at java.base/java.lang.Class.forName(Class.java:529) ~[?:?]
	at java.base/java.lang.Class.forName(Class.java:508) ~[?:?]
	at org.bukkit.plugin.java.PluginClassLoader.<init>(PluginClassLoader.java:68) ~[spigot-api-1.21-R0.1-SNAPSHOT.jar:?]
	at org.bukkit.plugin.java.JavaPluginLoader.loadPlugin(JavaPluginLoader.java:145) ~[spigot-api-1.21-R0.1-SNAPSHOT.jar:?]
	... 8 more
[23:24:22] [Server thread/WARN]: Legacy plugin AdvancedWarps v1.0.0 does not specify an api-version.
[23:24:22] [Server thread/ERROR]: Could not load 'plugins\floodgate-skript-2.1.jar'
org.bukkit.plugin.UnknownDependencyException: Unknown dependency floodgate. Please download and install floodgate to run this plugin.
	at org.bukkit.plugin.SimplePluginManager.loadPlugins(SimplePluginManager.java:280) ~[spigot-api-1.21-R0.1-SNAPSHOT.jar:?]
	at org.bukkit.plugin.SimplePluginManager.loadPlugins(SimplePluginManager.java:122) ~[spigot-api-1.21-R0.1-SNAPSHOT.jar:?]
	at org.bukkit.craftbukkit.v1_21_R1.CraftServer.loadPlugins(CraftServer.java:456) ~[spigot-1.21-R0.1-SNAPSHOT.jar:4226-Spigot-146439e-2889b3a]
	at net.minecraft.server.dedicated.DedicatedServer.e(DedicatedServer.java:236) ~[spigot-1.21-R0.1-SNAPSHOT.jar:4226-Spigot-146439e-2889b3a]
	at net.minecraft.server.MinecraftServer.y(MinecraftServer.java:1017) ~[spigot-1.21-R0.1-SNAPSHOT.jar:4226-Spigot-146439e-2889b3a]
	at net.minecraft.server.MinecraftServer.lambda$spin$0(MinecraftServer.java:318) ~[spigot-1.21-R0.1-SNAPSHOT.jar:4226-Spigot-146439e-2889b3a]
	at java.base/java.lang.Thread.run(Thread.java:1570) [?:?]
[23:24:22] [Server thread/ERROR]: Could not load 'plugins\StatsAPI-HolographicDisplays-1.0.2-SNAPSHOT.jar'
org.bukkit.plugin.UnknownDependencyException: Unknown dependency StatsAPI. Please download and install StatsAPI to run this plugin.
	at org.bukkit.plugin.SimplePluginManager.loadPlugins(SimplePluginManager.java:280) ~[spigot-api-1.21-R0.1-SNAPSHOT.jar:?]
	at org.bukkit.plugin.SimplePluginManager.loadPlugins(SimplePluginManager.java:122) ~[spigot-api-1.21-R0.1-SNAPSHOT.jar:?]
	at org.bukkit.craftbukkit.v1_21_R1.CraftServer.loadPlugins(CraftServer.java:456) ~[spigot-1.21-R0.1-SNAPSHOT.jar:4226-Spigot-146439e-2889b3a]
	at net.minecraft.server.dedicated.DedicatedServer.e(DedicatedServer.java:236) ~[spigot-1.21-R0.1-SNAPSHOT.jar:4226-Spigot-146439e-2889b3a]
	at net.minecraft.server.MinecraftServer.y(MinecraftServer.java:1017) ~[spigot-1.21-R0.1-SNAPSHOT.jar:4226-Spigot-146439e-2889b3a]
	at net.minecraft.server.MinecraftServer.lambda$spin$0(MinecraftServer.java:318) ~[spigot-1.21-R0.1-SNAPSHOT.jar:4226-Spigot-146439e-2889b3a]
	at java.base/java.lang.Thread.run(Thread.java:1570) [?:?]
[23:24:22] [Server thread/WARN]: Legacy plugin SGSquareLand v1.5.2 does not specify an api-version.
[23:24:22] [Server thread/WARN]: Legacy plugin Payment v1.1.6 does not specify an api-version.
[23:24:22] [Server thread/ERROR]: Could not load 'plugins\AntiCheatReplay-2.7.8.jar'
org.bukkit.plugin.UnknownDependencyException: Unknown dependency AdvancedReplay. Please download and install AdvancedReplay to run this plugin.
	at org.bukkit.plugin.SimplePluginManager.loadPlugins(SimplePluginManager.java:280) ~[spigot-api-1.21-R0.1-SNAPSHOT.jar:?]
	at org.bukkit.plugin.SimplePluginManager.loadPlugins(SimplePluginManager.java:122) ~[spigot-api-1.21-R0.1-SNAPSHOT.jar:?]
	at org.bukkit.craftbukkit.v1_21_R1.CraftServer.loadPlugins(CraftServer.java:456) ~[spigot-1.21-R0.1-SNAPSHOT.jar:4226-Spigot-146439e-2889b3a]
	at net.minecraft.server.dedicated.DedicatedServer.e(DedicatedServer.java:236) ~[spigot-1.21-R0.1-SNAPSHOT.jar:4226-Spigot-146439e-2889b3a]
	at net.minecraft.server.MinecraftServer.y(MinecraftServer.java:1017) ~[spigot-1.21-R0.1-SNAPSHOT.jar:4226-Spigot-146439e-2889b3a]
	at net.minecraft.server.MinecraftServer.lambda$spin$0(MinecraftServer.java:318) ~[spigot-1.21-R0.1-SNAPSHOT.jar:4226-Spigot-146439e-2889b3a]
	at java.base/java.lang.Thread.run(Thread.java:1570) [?:?]
[23:24:23] [Server thread/ERROR]: Could not load 'plugins\GridLock-1.1.0.jar'
org.bukkit.plugin.UnknownDependencyException: Unknown dependency PolyGui. Please download and install PolyGui to run this plugin.
	at org.bukkit.plugin.SimplePluginManager.loadPlugins(SimplePluginManager.java:280) ~[spigot-api-1.21-R0.1-SNAPSHOT.jar:?]
	at org.bukkit.plugin.SimplePluginManager.loadPlugins(SimplePluginManager.java:122) ~[spigot-api-1.21-R0.1-SNAPSHOT.jar:?]
	at org.bukkit.craftbukkit.v1_21_R1.CraftServer.loadPlugins(CraftServer.java:456) ~[spigot-1.21-R0.1-SNAPSHOT.jar:4226-Spigot-146439e-2889b3a]
	at net.minecraft.server.dedicated.DedicatedServer.e(DedicatedServer.java:236) ~[spigot-1.21-R0.1-SNAPSHOT.jar:4226-Spigot-146439e-2889b3a]
	at net.minecraft.server.MinecraftServer.y(MinecraftServer.java:1017) ~[spigot-1.21-R0.1-SNAPSHOT.jar:4226-Spigot-146439e-2889b3a]
	at net.minecraft.server.MinecraftServer.lambda$spin$0(MinecraftServer.java:318) ~[spigot-1.21-R0.1-SNAPSHOT.jar:4226-Spigot-146439e-2889b3a]
	at java.base/java.lang.Thread.run(Thread.java:1570) [?:?]
[23:24:23] [Server thread/INFO]: Loading library org.jetbrains.kotlin:kotlin-stdlib-common:1.5.10
[23:24:23] [Server thread/INFO]: Loading library org.jetbrains.kotlin:kotlin-stdlib:1.5.10
[23:24:23] [Server thread/INFO]: Loading library org.jetbrains:annotations:13.0
[23:24:23] [Server thread/INFO]: Loading library org.jetbrains.kotlin:kotlin-stdlib-jdk7:1.5.10
[23:24:23] [Server thread/INFO]: Loading library org.jetbrains.kotlin:kotlin-stdlib-jdk8:1.5.10
[23:24:26] [ForkJoinPool.commonPool-worker-1/INFO]: Loading library org.apache.commons:commons-jexl3:3.2.1
[23:24:27] [ForkJoinPool.commonPool-worker-1/INFO]: Loading library org.yaml:snakeyaml:2.0
[23:24:27] [ForkJoinPool.commonPool-worker-1/INFO]: Loading library com.typesafe:config:1.4.2
[23:24:27] [ForkJoinPool.commonPool-worker-1/INFO]: Loading library com.electronwill.night-config:core:3.6.6
[23:24:27] [ForkJoinPool.commonPool-worker-1/INFO]: Loading library com.electronwill.night-config:toml:3.6.6
[23:24:27] [ForkJoinPool.commonPool-worker-1/INFO]: Loading library com.electronwill.night-config:json:3.6.6
[23:24:27] [ForkJoinPool.commonPool-worker-1/INFO]: Loading library com.electronwill.night-config:hocon:3.6.6
[23:24:27] [Server thread/ERROR]: Could not load 'plugins\ApoSellReload-1.0.1.jar'
org.bukkit.plugin.InvalidPluginException: java.lang.ExceptionInInitializerError
	at org.bukkit.plugin.java.JavaPluginLoader.loadPlugin(JavaPluginLoader.java:149) ~[spigot-api-1.21-R0.1-SNAPSHOT.jar:?]
	at org.bukkit.plugin.SimplePluginManager.loadPlugin(SimplePluginManager.java:406) ~[spigot-api-1.21-R0.1-SNAPSHOT.jar:?]
	at org.bukkit.plugin.SimplePluginManager.loadPlugins(SimplePluginManager.java:313) ~[spigot-api-1.21-R0.1-SNAPSHOT.jar:?]
	at org.bukkit.plugin.SimplePluginManager.loadPlugins(SimplePluginManager.java:122) ~[spigot-api-1.21-R0.1-SNAPSHOT.jar:?]
	at org.bukkit.craftbukkit.v1_21_R1.CraftServer.loadPlugins(CraftServer.java:456) ~[spigot-1.21-R0.1-SNAPSHOT.jar:4226-Spigot-146439e-2889b3a]
	at net.minecraft.server.dedicated.DedicatedServer.e(DedicatedServer.java:236) ~[spigot-1.21-R0.1-SNAPSHOT.jar:4226-Spigot-146439e-2889b3a]
	at net.minecraft.server.MinecraftServer.y(MinecraftServer.java:1017) ~[spigot-1.21-R0.1-SNAPSHOT.jar:4226-Spigot-146439e-2889b3a]
	at net.minecraft.server.MinecraftServer.lambda$spin$0(MinecraftServer.java:318) ~[spigot-1.21-R0.1-SNAPSHOT.jar:4226-Spigot-146439e-2889b3a]
	at java.base/java.lang.Thread.run(Thread.java:1570) [?:?]
Caused by: java.lang.ExceptionInInitializerError
	at java.base/jdk.internal.reflect.DirectConstructorHandleAccessor.newInstance(DirectConstructorHandleAccessor.java:62) ~[?:?]
	at java.base/java.lang.reflect.Constructor.newInstanceWithCaller(Constructor.java:502) ~[?:?]
	at java.base/java.lang.reflect.Constructor.newInstance(Constructor.java:486) ~[?:?]
	at java.base/java.util.concurrent.ForkJoinTask.getException(ForkJoinTask.java:555) ~[?:?]
	at java.base/java.util.concurrent.ForkJoinTask.reportException(ForkJoinTask.java:573) ~[?:?]
	at java.base/java.util.concurrent.ForkJoinTask.join(ForkJoinTask.java:663) ~[?:?]
	at java.base/java.util.concurrent.ForkJoinTask.invoke(ForkJoinTask.java:677) ~[?:?]
	at java.base/java.util.stream.ForEachOps$ForEachOp.evaluateParallel(ForEachOps.java:160) ~[?:?]
	at java.base/java.util.stream.ForEachOps$ForEachOp$OfRef.evaluateParallel(ForEachOps.java:174) ~[?:?]
	at java.base/java.util.stream.AbstractPipeline.evaluate(AbstractPipeline.java:264) ~[?:?]
	at java.base/java.util.stream.ReferencePipeline.forEach(ReferencePipeline.java:611) ~[?:?]
	at java.base/java.util.stream.ReferencePipeline$Head.forEach(ReferencePipeline.java:785) ~[?:?]
	at com.milkfoam.aposellreload.taboolib.common.platform.PlatformFactory.init(PlatformFactory.kt:45) ~[?:?]
	at com.milkfoam.aposellreload.taboolib.common.TabooLibCommon.lifeCycle(TabooLibCommon.java:178) ~[?:?]
	at com.milkfoam.aposellreload.taboolib.platform.BukkitPlugin.<clinit>(BukkitPlugin.java:56) ~[?:?]
	at java.base/java.lang.Class.forName0(Native Method) ~[?:?]
	at java.base/java.lang.Class.forName(Class.java:529) ~[?:?]
	at java.base/java.lang.Class.forName(Class.java:508) ~[?:?]
	at org.bukkit.plugin.java.PluginClassLoader.<init>(PluginClassLoader.java:68) ~[spigot-api-1.21-R0.1-SNAPSHOT.jar:?]
	at org.bukkit.plugin.java.JavaPluginLoader.loadPlugin(JavaPluginLoader.java:145) ~[spigot-api-1.21-R0.1-SNAPSHOT.jar:?]
	... 8 more
Caused by: java.lang.ExceptionInInitializerError
	at com.milkfoam.aposellreload.taboolib.library.reflex.JavaClassField$handleGetter$2.invoke(JavaClassField.kt:12) ~[?:?]
	at com.milkfoam.aposellreload.taboolib.library.reflex.JavaClassField$handleGetter$2.invoke(JavaClassField.kt:10) ~[?:?]
	at kotlin1510.UnsafeLazyImpl.getValue(Lazy.kt:81) ~[?:?]
	at com.milkfoam.aposellreload.taboolib.library.reflex.JavaClassField.getHandleGetter(JavaClassField.kt:10) ~[?:?]
	at com.milkfoam.aposellreload.taboolib.library.reflex.JavaClassField.get(JavaClassField.kt:31) ~[?:?]
	at com.milkfoam.aposellreload.taboolib.library.reflex.ClassField.get$default(ClassField.kt:11) ~[?:?]
	at com.milkfoam.aposellreload.taboolib.common.io.Project1Kt$getInstance$2.invoke(Project1.kt:91) ~[?:?]
	at com.milkfoam.aposellreload.taboolib.common.util.CommonKt$lazySupplier$1$value$2.invoke(Common.kt:37) ~[?:?]
	at kotlin1510.UnsafeLazyImpl.getValue(Lazy.kt:81) ~[?:?]
	at com.milkfoam.aposellreload.taboolib.common.util.CommonKt$lazySupplier$1.getValue(Common.kt:37) ~[?:?]
	at com.milkfoam.aposellreload.taboolib.common.util.CommonKt$lazySupplier$1.get(Common.kt:40) ~[?:?]
	at com.milkfoam.aposellreload.taboolib.common.platform.PlatformFactory.init$lambda-5(PlatformFactory.kt:48) ~[?:?]
	at java.base/java.util.stream.ForEachOps$ForEachOp$OfRef.accept(ForEachOps.java:184) ~[?:?]
	at java.base/java.util.Spliterators$ArraySpliterator.forEachRemaining(Spliterators.java:1024) ~[?:?]
	at java.base/java.util.stream.AbstractPipeline.copyInto(AbstractPipeline.java:556) ~[?:?]
	at java.base/java.util.stream.ForEachOps$ForEachTask.compute(ForEachOps.java:291) ~[?:?]
	at java.base/java.util.concurrent.CountedCompleter.exec(CountedCompleter.java:759) ~[?:?]
	at java.base/java.util.concurrent.ForkJoinTask.doExec(ForkJoinTask.java:507) ~[?:?]
	at java.base/java.util.concurrent.ForkJoinPool$WorkQueue.topLevelExec(ForkJoinPool.java:1491) ~[?:?]
	at java.base/java.util.concurrent.ForkJoinPool.scan(ForkJoinPool.java:2073) ~[?:?]
	at java.base/java.util.concurrent.ForkJoinPool.runWorker(ForkJoinPool.java:2035) ~[?:?]
	at java.base/java.util.concurrent.ForkJoinWorkerThread.run(ForkJoinWorkerThread.java:187) ~[?:?]
Caused by: java.lang.IllegalStateException: Unsafe not found
	at com.milkfoam.aposellreload.taboolib.library.reflex.UnsafeAccess.<clinit>(UnsafeAccess.kt:28) ~[?:?]
	at com.milkfoam.aposellreload.taboolib.library.reflex.JavaClassField$handleGetter$2.invoke(JavaClassField.kt:12) ~[?:?]
	at com.milkfoam.aposellreload.taboolib.library.reflex.JavaClassField$handleGetter$2.invoke(JavaClassField.kt:10) ~[?:?]
	at kotlin1510.UnsafeLazyImpl.getValue(Lazy.kt:81) ~[?:?]
	at com.milkfoam.aposellreload.taboolib.library.reflex.JavaClassField.getHandleGetter(JavaClassField.kt:10) ~[?:?]
	at com.milkfoam.aposellreload.taboolib.library.reflex.JavaClassField.get(JavaClassField.kt:31) ~[?:?]
	at com.milkfoam.aposellreload.taboolib.library.reflex.ClassField.get$default(ClassField.kt:11) ~[?:?]
	at com.milkfoam.aposellreload.taboolib.common.io.Project1Kt$getInstance$2.invoke(Project1.kt:91) ~[?:?]
	at com.milkfoam.aposellreload.taboolib.common.util.CommonKt$lazySupplier$1$value$2.invoke(Common.kt:37) ~[?:?]
	at kotlin1510.UnsafeLazyImpl.getValue(Lazy.kt:81) ~[?:?]
	at com.milkfoam.aposellreload.taboolib.common.util.CommonKt$lazySupplier$1.getValue(Common.kt:37) ~[?:?]
	at com.milkfoam.aposellreload.taboolib.common.util.CommonKt$lazySupplier$1.get(Common.kt:40) ~[?:?]
	at com.milkfoam.aposellreload.taboolib.common.platform.PlatformFactory.init$lambda-5(PlatformFactory.kt:48) ~[?:?]
	at java.base/java.util.stream.ForEachOps$ForEachOp$OfRef.accept(ForEachOps.java:184) ~[?:?]
	at java.base/java.util.Spliterators$ArraySpliterator.forEachRemaining(Spliterators.java:1024) ~[?:?]
	at java.base/java.util.stream.AbstractPipeline.copyInto(AbstractPipeline.java:556) ~[?:?]
	at java.base/java.util.stream.ForEachOps$ForEachTask.compute(ForEachOps.java:291) ~[?:?]
	at java.base/java.util.concurrent.CountedCompleter.exec(CountedCompleter.java:759) ~[?:?]
	at java.base/java.util.concurrent.ForkJoinTask.doExec(ForkJoinTask.java:507) ~[?:?]
	at java.base/java.util.concurrent.ForkJoinPool$WorkQueue.topLevelExec(ForkJoinPool.java:1491) ~[?:?]
	at java.base/java.util.concurrent.ForkJoinPool.scan(ForkJoinPool.java:2073) ~[?:?]
	at java.base/java.util.concurrent.ForkJoinPool.runWorker(ForkJoinPool.java:2035) ~[?:?]
	at java.base/java.util.concurrent.ForkJoinWorkerThread.run(ForkJoinWorkerThread.java:187) ~[?:?]
[23:24:27] [Server thread/INFO]: Loading library org.jetbrains.kotlin:kotlin-stdlib-common:1.7.20
[23:24:27] [Server thread/INFO]: Loading library org.jetbrains.kotlin:kotlin-stdlib:1.7.20
[23:24:27] [Server thread/INFO]: Loading library org.jetbrains:annotations:13.0
[23:24:27] [Server thread/INFO]: Loading library org.jetbrains.kotlin:kotlin-stdlib-jdk7:1.7.20
[23:24:27] [Server thread/INFO]: Loading library org.jetbrains.kotlin:kotlin-stdlib-jdk8:1.7.20
[23:24:29] [ForkJoinPool.commonPool-worker-7/INFO]: Loading library org.apache.commons:commons-jexl3:3.2.1
[23:24:29] [ForkJoinPool.commonPool-worker-5/INFO]: Loading library org.yaml:snakeyaml:2.0
[23:24:29] [ForkJoinPool.commonPool-worker-5/INFO]: Loading library com.typesafe:config:1.4.2
[23:24:29] [ForkJoinPool.commonPool-worker-5/INFO]: Loading library com.electronwill.night-config:core:3.6.6
[23:24:29] [ForkJoinPool.commonPool-worker-5/INFO]: Loading library com.electronwill.night-config:toml:3.6.6
[23:24:29] [ForkJoinPool.commonPool-worker-5/INFO]: Loading library com.electronwill.night-config:json:3.6.6
[23:24:29] [ForkJoinPool.commonPool-worker-5/INFO]: Loading library com.electronwill.night-config:hocon:3.6.6
[23:24:30] [ForkJoinPool.commonPool-worker-3/INFO]: Loading library com.zaxxer:HikariCP:4.0.3
[23:24:30] [ForkJoinPool.commonPool-worker-3/INFO]: Loading library org.slf4j:slf4j-api:2.1.0-alpha1
[23:24:30] [Server thread/ERROR]: Could not load 'plugins\GeekRewardPlus-2.2.jar'
org.bukkit.plugin.InvalidPluginException: java.lang.ExceptionInInitializerError
	at org.bukkit.plugin.java.JavaPluginLoader.loadPlugin(JavaPluginLoader.java:149) ~[spigot-api-1.21-R0.1-SNAPSHOT.jar:?]
	at org.bukkit.plugin.SimplePluginManager.loadPlugin(SimplePluginManager.java:406) ~[spigot-api-1.21-R0.1-SNAPSHOT.jar:?]
	at org.bukkit.plugin.SimplePluginManager.loadPlugins(SimplePluginManager.java:313) ~[spigot-api-1.21-R0.1-SNAPSHOT.jar:?]
	at org.bukkit.plugin.SimplePluginManager.loadPlugins(SimplePluginManager.java:122) ~[spigot-api-1.21-R0.1-SNAPSHOT.jar:?]
	at org.bukkit.craftbukkit.v1_21_R1.CraftServer.loadPlugins(CraftServer.java:456) ~[spigot-1.21-R0.1-SNAPSHOT.jar:4226-Spigot-146439e-2889b3a]
	at net.minecraft.server.dedicated.DedicatedServer.e(DedicatedServer.java:236) ~[spigot-1.21-R0.1-SNAPSHOT.jar:4226-Spigot-146439e-2889b3a]
	at net.minecraft.server.MinecraftServer.y(MinecraftServer.java:1017) ~[spigot-1.21-R0.1-SNAPSHOT.jar:4226-Spigot-146439e-2889b3a]
	at net.minecraft.server.MinecraftServer.lambda$spin$0(MinecraftServer.java:318) ~[spigot-1.21-R0.1-SNAPSHOT.jar:4226-Spigot-146439e-2889b3a]
	at java.base/java.lang.Thread.run(Thread.java:1570) [?:?]
Caused by: java.lang.ExceptionInInitializerError
	at java.base/jdk.internal.reflect.DirectConstructorHandleAccessor.newInstance(DirectConstructorHandleAccessor.java:62) ~[?:?]
	at java.base/java.lang.reflect.Constructor.newInstanceWithCaller(Constructor.java:502) ~[?:?]
	at java.base/java.lang.reflect.Constructor.newInstance(Constructor.java:486) ~[?:?]
	at java.base/java.util.concurrent.ForkJoinTask.getException(ForkJoinTask.java:555) ~[?:?]
	at java.base/java.util.concurrent.ForkJoinTask.reportException(ForkJoinTask.java:573) ~[?:?]
	at java.base/java.util.concurrent.ForkJoinTask.join(ForkJoinTask.java:663) ~[?:?]
	at java.base/java.util.concurrent.ForkJoinTask.invoke(ForkJoinTask.java:677) ~[?:?]
	at java.base/java.util.stream.ForEachOps$ForEachOp.evaluateParallel(ForEachOps.java:160) ~[?:?]
	at java.base/java.util.stream.ForEachOps$ForEachOp$OfRef.evaluateParallel(ForEachOps.java:174) ~[?:?]
	at java.base/java.util.stream.AbstractPipeline.evaluate(AbstractPipeline.java:264) ~[?:?]
	at java.base/java.util.stream.ReferencePipeline.forEach(ReferencePipeline.java:611) ~[?:?]
	at java.base/java.util.stream.ReferencePipeline$Head.forEach(ReferencePipeline.java:785) ~[?:?]
	at me.geek.reward.taboolib.common.platform.PlatformFactory.init(PlatformFactory.kt:45) ~[?:?]
	at me.geek.reward.taboolib.common.TabooLibCommon.lifeCycle(TabooLibCommon.java:178) ~[?:?]
	at me.geek.reward.taboolib.platform.BukkitPlugin.<clinit>(BukkitPlugin.java:54) ~[?:?]
	at java.base/java.lang.Class.forName0(Native Method) ~[?:?]
	at java.base/java.lang.Class.forName(Class.java:529) ~[?:?]
	at java.base/java.lang.Class.forName(Class.java:508) ~[?:?]
	at org.bukkit.plugin.java.PluginClassLoader.<init>(PluginClassLoader.java:68) ~[spigot-api-1.21-R0.1-SNAPSHOT.jar:?]
	at org.bukkit.plugin.java.JavaPluginLoader.loadPlugin(JavaPluginLoader.java:145) ~[spigot-api-1.21-R0.1-SNAPSHOT.jar:?]
	... 8 more
Caused by: java.lang.ExceptionInInitializerError
	at me.geek.reward.taboolib.library.reflex.JavaClassField$handleGetter$2.invoke(JavaClassField.kt:12) ~[?:?]
	at me.geek.reward.taboolib.library.reflex.JavaClassField$handleGetter$2.invoke(JavaClassField.kt:10) ~[?:?]
	at kotlin1720.UnsafeLazyImpl.getValue(Lazy.kt:81) ~[?:?]
	at me.geek.reward.taboolib.library.reflex.JavaClassField.getHandleGetter(JavaClassField.kt:10) ~[?:?]
	at me.geek.reward.taboolib.library.reflex.JavaClassField.get(JavaClassField.kt:31) ~[?:?]
	at me.geek.reward.taboolib.library.reflex.ClassField.get$default(ClassField.kt:11) ~[?:?]
	at me.geek.reward.taboolib.common.io.Project1Kt$getInstance$2.invoke(Project1.kt:91) ~[?:?]
	at me.geek.reward.taboolib.common.util.CommonKt$lazySupplier$1$value$2.invoke(Common.kt:37) ~[?:?]
	at kotlin1720.UnsafeLazyImpl.getValue(Lazy.kt:81) ~[?:?]
	at me.geek.reward.taboolib.common.util.CommonKt$lazySupplier$1.getValue(Common.kt:37) ~[?:?]
	at me.geek.reward.taboolib.common.util.CommonKt$lazySupplier$1.get(Common.kt:40) ~[?:?]
	at me.geek.reward.taboolib.common.platform.PlatformFactory.init$lambda-5(PlatformFactory.kt:48) ~[?:?]
	at java.base/java.util.stream.ForEachOps$ForEachOp$OfRef.accept(ForEachOps.java:184) ~[?:?]
	at java.base/java.util.Spliterators$ArraySpliterator.forEachRemaining(Spliterators.java:1024) ~[?:?]
	at java.base/java.util.stream.AbstractPipeline.copyInto(AbstractPipeline.java:556) ~[?:?]
	at java.base/java.util.stream.ForEachOps$ForEachTask.compute(ForEachOps.java:291) ~[?:?]
	at java.base/java.util.concurrent.CountedCompleter.exec(CountedCompleter.java:759) ~[?:?]
	at java.base/java.util.concurrent.ForkJoinTask.doExec(ForkJoinTask.java:507) ~[?:?]
	at java.base/java.util.concurrent.ForkJoinPool$WorkQueue.topLevelExec(ForkJoinPool.java:1491) ~[?:?]
	at java.base/java.util.concurrent.ForkJoinPool.scan(ForkJoinPool.java:2073) ~[?:?]
	at java.base/java.util.concurrent.ForkJoinPool.runWorker(ForkJoinPool.java:2035) ~[?:?]
	at java.base/java.util.concurrent.ForkJoinWorkerThread.run(ForkJoinWorkerThread.java:187) ~[?:?]
Caused by: java.lang.IllegalStateException: Unsafe not found
	at me.geek.reward.taboolib.library.reflex.UnsafeAccess.<clinit>(UnsafeAccess.kt:28) ~[?:?]
	at me.geek.reward.taboolib.library.reflex.JavaClassField$handleGetter$2.invoke(JavaClassField.kt:12) ~[?:?]
	at me.geek.reward.taboolib.library.reflex.JavaClassField$handleGetter$2.invoke(JavaClassField.kt:10) ~[?:?]
	at kotlin1720.UnsafeLazyImpl.getValue(Lazy.kt:81) ~[?:?]
	at me.geek.reward.taboolib.library.reflex.JavaClassField.getHandleGetter(JavaClassField.kt:10) ~[?:?]
	at me.geek.reward.taboolib.library.reflex.JavaClassField.get(JavaClassField.kt:31) ~[?:?]
	at me.geek.reward.taboolib.library.reflex.ClassField.get$default(ClassField.kt:11) ~[?:?]
	at me.geek.reward.taboolib.common.io.Project1Kt$getInstance$2.invoke(Project1.kt:91) ~[?:?]
	at me.geek.reward.taboolib.common.util.CommonKt$lazySupplier$1$value$2.invoke(Common.kt:37) ~[?:?]
	at kotlin1720.UnsafeLazyImpl.getValue(Lazy.kt:81) ~[?:?]
	at me.geek.reward.taboolib.common.util.CommonKt$lazySupplier$1.getValue(Common.kt:37) ~[?:?]
	at me.geek.reward.taboolib.common.util.CommonKt$lazySupplier$1.get(Common.kt:40) ~[?:?]
	at me.geek.reward.taboolib.common.platform.PlatformFactory.init$lambda-5(PlatformFactory.kt:48) ~[?:?]
	at java.base/java.util.stream.ForEachOps$ForEachOp$OfRef.accept(ForEachOps.java:184) ~[?:?]
	at java.base/java.util.Spliterators$ArraySpliterator.forEachRemaining(Spliterators.java:1024) ~[?:?]
	at java.base/java.util.stream.AbstractPipeline.copyInto(AbstractPipeline.java:556) ~[?:?]
	at java.base/java.util.stream.ForEachOps$ForEachTask.compute(ForEachOps.java:291) ~[?:?]
	at java.base/java.util.concurrent.CountedCompleter.exec(CountedCompleter.java:759) ~[?:?]
	at java.base/java.util.concurrent.ForkJoinTask.doExec(ForkJoinTask.java:507) ~[?:?]
	at java.base/java.util.concurrent.ForkJoinPool$WorkQueue.topLevelExec(ForkJoinPool.java:1491) ~[?:?]
	at java.base/java.util.concurrent.ForkJoinPool.scan(ForkJoinPool.java:2073) ~[?:?]
	at java.base/java.util.concurrent.ForkJoinPool.runWorker(ForkJoinPool.java:2035) ~[?:?]
	at java.base/java.util.concurrent.ForkJoinWorkerThread.run(ForkJoinWorkerThread.java:187) ~[?:?]
[23:24:30] [Server thread/INFO]: [PlaceholderAPI] Loading PlaceholderAPI v2.11.6
[23:24:30] [Server thread/INFO]: [Stp] Loading Stp v1.0.1
[23:24:30] [Server thread/INFO]: [SuperMotd] Loading SuperMotd v1.0
[23:24:30] [Server thread/INFO]: [AdvancedWarps] Loading AdvancedWarps v1.0.0
[23:24:30] [Server thread/INFO]: [SGSquareLand] Loading SGSquareLand v1.5.2
[23:24:30] [Server thread/INFO]: [Payment] Loading Payment v1.1.6
[23:24:30] [Server thread/INFO]: [NoBuildPlus] Loading NoBuildPlus v1.3.4
[23:24:30] [Server thread/INFO]: [PlayersBackpacksViewer] Loading PlayersBackpacksViewer v2.0-ForAllVersions
[23:24:30] [Server thread/INFO]: [STPA] Loading STPA v1.0-SNAPSHOT
[23:24:30] [Server thread/INFO]: [ViaVersion] Loading ViaVersion v5.0.1
[23:24:30] [Server thread/INFO]: [ViaVersion] ViaVersion 5.0.1 is now loaded. Registering protocol transformers and injecting...
[23:24:31] [Via-Mappingloader-0/INFO]: [ViaVersion] Loading block connection mappings ...
[23:24:31] [Via-Mappingloader-0/INFO]: [ViaVersion] Using FastUtil Long2ObjectOpenHashMap for block connections
[23:24:32] [Server thread/INFO]: [ViaBackwards] Loading translations...
[23:24:32] [Server thread/INFO]: [ViaBackwards] Registering protocols...
[23:24:33] [Server thread/INFO]: [ViaRewind] Registering protocols...
[23:24:33] [Server thread/INFO]: [Vault] Loading Vault v1.7.3-b131
[23:24:33] [Server thread/INFO]: [EpicCombat] Loading EpicCombat v1.19
[23:24:33] [Server thread/INFO]: [ViaBackwards] Loading ViaBackwards v5.0.2-SNAPSHOT
[23:24:33] [Server thread/INFO]: [PlayerStatistics] Loading PlayerStatistics v1.1.1
[23:24:33] [Server thread/INFO]: [ViaRewind] Loading ViaRewind v4.0.2-SNAPSHOT
[23:24:33] [Server thread/INFO]: [InteractionVisualizer] Loading InteractionVisualizer v1.18.10.0
[23:24:33] [Server thread/INFO]: [XConomy] Loading XConomy v2.26.3
[23:24:33] [Server thread/INFO]: [PlayerPoints] Loading PlayerPoints v3.2.7
[23:24:33] [Server thread/INFO]: [PlayerPoints] Initializing using RoseGarden v1.3.0.36-DEV-SNAPSHOT
[23:24:33] [Server thread/INFO]: [Multiverse-Core] Loading Multiverse-Core v4.3.1-b861
[23:24:33] [Server thread/INFO]: [SkinsRestorer] Loading SkinsRestorer v15.1.0
[23:24:33] [Server thread/INFO]: [PlayerTitle] Loading PlayerTitle v4.1.3
[23:24:33] [Server thread/INFO]: [Vivecraft] Loading Vivecraft-Spigot-Extensions v1.21-1
[23:24:33] [Server thread/INFO]: [CatSeedLogin] Loading CatSeedLogin v[Unofficial]1.5.1-SNAPSHOT
[23:24:33] [Server thread/INFO]: [GSit] Loading GSit v1.9.5
[23:24:33] [Server thread/INFO]: [Geyser-Spigot] Loading Geyser-Spigot v2.4.0-SNAPSHOT
[23:24:35] [Server thread/INFO]: [Geyser-Spigot] 正在加载插件...
[23:24:35] [Server thread/INFO]: [Geyser-Spigot] 已加载 0 个插件
[23:24:35] [Server thread/INFO]: [DemonMarket] Loading DemonMarket v1.6.2
[23:24:35] [Server thread/INFO]: [PlayerMenu] Loading PlayerMenu v1.3.2
[23:24:35] [Server thread/INFO]: [Vault] Enabling Vault v1.7.3-b131
[23:24:35] [Server thread/INFO]: [Vault] [Permission] SuperPermissions loaded as backup permission system.
[23:24:35] [Server thread/INFO]: [Vault] Enabled Version 1.7.3-b131
[23:24:35] [Server thread/INFO]: [ViaRewind] Enabling ViaRewind v4.0.2-SNAPSHOT
[23:24:35] [Server thread/INFO]: [XConomy] Enabling XConomy v2.26.3
[23:24:35] [Server thread/INFO]: [XConomy] UUID-Mode: Default
[23:24:35] [Server thread/INFO]: [XConomy] Language: ENGLISH
[23:24:35] [Server thread/INFO]: [XConomy] Saving method - SQLite
[23:24:36] [Server thread/INFO]: [XConomy] SQLite successfully connected
[23:24:36] [Server thread/INFO]: [XConomy] XConomy successfully enabled
[23:24:36] [Server thread/INFO]: [XConomy] Found PlaceholderAPI
[23:24:36] [Server thread/INFO]: [PlaceholderAPI] Successfully registered internal expansion: xconomy [2.26.3]
[23:24:36] [Server thread/INFO]: [XConomy] PlaceholderAPI successfully hooked
[23:24:36] [Server thread/INFO]: [XConomy] ===== YiC =====
[23:24:36] [Server thread/INFO]: [PlayerPoints] Enabling PlayerPoints v3.2.7
[23:24:36] [Server thread/INFO]: [PlayerPoints] Data handler connected using SQLite.
[23:24:36] [Server thread/INFO]: [SkinsRestorer] Enabling SkinsRestorer v15.1.0
[23:24:37] [Server thread/INFO]: [33;1m[[32;22mSkinsRestorer[33;1m] [0;39m[32;1mRunning on Minecraft [33;1m1.21[32;1m.[0;39m
[23:24:37] [Server thread/INFO]: [PlaceholderAPI] Successfully registered internal expansion: skinsrestorer [15.1.0]
[23:24:37] [Server thread/INFO]: [33;1m[[32;22mSkinsRestorer[33;1m] [0;39mPlaceholderAPI expansion registered![0;39m
[23:24:37] [Server thread/WARN]: **** SERVER IS RUNNING IN OFFLINE/INSECURE MODE!
[23:24:37] [Server thread/WARN]: The server will make no attempt to authenticate usernames. Beware.
[23:24:37] [Server thread/WARN]: While this makes the game possible to play without internet access, it also opens up the ability for hackers to connect with any username they choose.
[23:24:37] [Server thread/WARN]: To change this, set "online-mode" to "true" in the server.properties file.
[23:24:37] [Server thread/INFO]: Preparing level "world"
[23:24:39] [Server thread/INFO]: Preparing start region for dimension minecraft:overworld
[23:24:40] [Worker-Main-1/INFO]: Preparing spawn area: 0%
[23:24:40] [Server thread/INFO]: Time elapsed: 693 ms
[23:24:40] [Server thread/INFO]: Preparing start region for dimension minecraft:the_nether
[23:24:41] [Worker-Main-4/INFO]: Preparing spawn area: 0%
[23:24:41] [Worker-Main-4/INFO]: Preparing spawn area: 0%
[23:24:41] [Server thread/INFO]: Time elapsed: 647 ms
[23:24:41] [Server thread/INFO]: Preparing start region for dimension minecraft:the_end
[23:24:41] [Worker-Main-7/INFO]: Preparing spawn area: 0%
[23:24:41] [Server thread/INFO]: Time elapsed: 123 ms
[23:24:41] [Server thread/INFO]: [PlaceholderAPI] Enabling PlaceholderAPI v2.11.6
[23:24:41] [Server thread/INFO]: [PlaceholderAPI] Fetching available expansion information...
[23:24:41] [Server thread/INFO]: [Stp] Enabling Stp v1.0.1
[23:24:41] [Server thread/INFO]: [Stp] Stp 已经加载.
[23:24:41] [Server thread/INFO]: [SuperMotd] Enabling SuperMotd v1.0
[23:24:41] [Server thread/INFO]: [AdvancedWarps] Enabling AdvancedWarps v1.0.0
[23:24:41] [Server thread/INFO]: [PlaceholderAPI] Successfully registered internal expansion: aw [1.0]
[23:24:41] [Server thread/INFO]: [AdvancedWarps] 插件启动完成，输入/aw help查看帮助！
[23:24:41] [Server thread/INFO]: [SGSquareLand] Enabling SGSquareLand v1.5.2
[23:24:41] [Server thread/INFO]: MC: 1.21
[23:24:41] [Server thread/ERROR]: Fatal error trying to convert SGSquareLand v1.5.2:org/sg/squareland/util/MyUtil.class
org.bukkit.plugin.AuthorNagException: No legacy enum constant for WRITABLE_BOOK. Did you forget to define a modern (1.13+) api-version in your plugin.yml?
	at org.bukkit.craftbukkit.v1_21_R1.util.Commodore$1$1.visitFieldInsn(Commodore.java:262) ~[spigot-1.21-R0.1-SNAPSHOT.jar:4226-Spigot-146439e-2889b3a]
	at org.objectweb.asm.MethodVisitor.visitFieldInsn(MethodVisitor.java:403) ~[asm-9.7.jar:9.7]
	at org.objectweb.asm.commons.MethodRemapper.visitFieldInsn(MethodRemapper.java:145) ~[asm-commons-9.7.jar:9.7]
	at org.objectweb.asm.ClassReader.readCode(ClassReader.java:2443) ~[asm-9.7.jar:9.7]
	at org.objectweb.asm.ClassReader.readMethod(ClassReader.java:1512) ~[asm-9.7.jar:9.7]
	at org.objectweb.asm.ClassReader.accept(ClassReader.java:745) ~[asm-9.7.jar:9.7]
	at org.objectweb.asm.ClassReader.accept(ClassReader.java:425) ~[asm-9.7.jar:9.7]
	at org.bukkit.craftbukkit.v1_21_R1.util.Commodore.convert(Commodore.java:153) ~[spigot-1.21-R0.1-SNAPSHOT.jar:4226-Spigot-146439e-2889b3a]
	at org.bukkit.craftbukkit.v1_21_R1.util.CraftMagicNumbers.processClass(CraftMagicNumbers.java:323) ~[spigot-1.21-R0.1-SNAPSHOT.jar:4226-Spigot-146439e-2889b3a]
	at org.bukkit.plugin.java.PluginClassLoader.findClass(PluginClassLoader.java:183) ~[spigot-api-1.21-R0.1-SNAPSHOT.jar:?]
	at java.base/java.lang.ClassLoader.loadClass(ClassLoader.java:592) ~[?:?]
	at org.bukkit.plugin.java.PluginClassLoader.loadClass0(PluginClassLoader.java:117) ~[spigot-api-1.21-R0.1-SNAPSHOT.jar:?]
	at org.bukkit.plugin.java.PluginClassLoader.loadClass(PluginClassLoader.java:112) ~[spigot-api-1.21-R0.1-SNAPSHOT.jar:?]
	at java.base/java.lang.ClassLoader.loadClass(ClassLoader.java:525) ~[?:?]
	at org.sg.squareland.StartLand.initBlock(StartLand.java:108) ~[?:?]
	at org.sg.squareland.StartLand.onEnable(StartLand.java:37) ~[?:?]
	at org.bukkit.plugin.java.JavaPlugin.setEnabled(JavaPlugin.java:267) ~[spigot-api-1.21-R0.1-SNAPSHOT.jar:?]
	at org.bukkit.plugin.java.JavaPluginLoader.enablePlugin(JavaPluginLoader.java:342) ~[spigot-api-1.21-R0.1-SNAPSHOT.jar:?]
	at org.bukkit.plugin.SimplePluginManager.enablePlugin(SimplePluginManager.java:492) ~[spigot-api-1.21-R0.1-SNAPSHOT.jar:?]
	at org.bukkit.craftbukkit.v1_21_R1.CraftServer.enablePlugin(CraftServer.java:567) ~[spigot-1.21-R0.1-SNAPSHOT.jar:4226-Spigot-146439e-2889b3a]
	at org.bukkit.craftbukkit.v1_21_R1.CraftServer.enablePlugins(CraftServer.java:481) ~[spigot-1.21-R0.1-SNAPSHOT.jar:4226-Spigot-146439e-2889b3a]
	at net.minecraft.server.MinecraftServer.loadWorld0(MinecraftServer.java:641) ~[spigot-1.21-R0.1-SNAPSHOT.jar:4226-Spigot-146439e-2889b3a]
	at net.minecraft.server.MinecraftServer.loadLevel(MinecraftServer.java:426) ~[spigot-1.21-R0.1-SNAPSHOT.jar:4226-Spigot-146439e-2889b3a]
	at net.minecraft.server.dedicated.DedicatedServer.e(DedicatedServer.java:269) ~[spigot-1.21-R0.1-SNAPSHOT.jar:4226-Spigot-146439e-2889b3a]
	at net.minecraft.server.MinecraftServer.y(MinecraftServer.java:1017) ~[spigot-1.21-R0.1-SNAPSHOT.jar:4226-Spigot-146439e-2889b3a]
	at net.minecraft.server.MinecraftServer.lambda$spin$0(MinecraftServer.java:318) ~[spigot-1.21-R0.1-SNAPSHOT.jar:4226-Spigot-146439e-2889b3a]
	at java.base/java.lang.Thread.run(Thread.java:1570) [?:?]
[23:24:41] [Server thread/INFO]: Preparing start region for dimension minecraft:squareland_world
[23:24:41] [Worker-Main-5/INFO]: Preparing spawn area: 0%
[23:24:41] [Server thread/INFO]: Time elapsed: 143 ms
[23:24:41] [Server thread/INFO]: [SGSquareLand] §f[§6地皮系统§f]squareland.db文件正常！
[23:24:41] [Server thread/INFO]: [SGSquareLand] §f[§6地皮系统§f]squareland.db file OK！
[23:24:41] [Server thread/ERROR]: Fatal error trying to convert SGSquareLand v1.5.2:org/sg/squareland/event/CreatePlantEvent.class
org.bukkit.plugin.AuthorNagException: No legacy enum constant for BARREL. Did you forget to define a modern (1.13+) api-version in your plugin.yml?
	at org.bukkit.craftbukkit.v1_21_R1.util.Commodore$1$1.visitFieldInsn(Commodore.java:262) ~[spigot-1.21-R0.1-SNAPSHOT.jar:4226-Spigot-146439e-2889b3a]
	at org.objectweb.asm.MethodVisitor.visitFieldInsn(MethodVisitor.java:403) ~[asm-9.7.jar:9.7]
	at org.objectweb.asm.commons.MethodRemapper.visitFieldInsn(MethodRemapper.java:145) ~[asm-commons-9.7.jar:9.7]
	at org.objectweb.asm.ClassReader.readCode(ClassReader.java:2443) ~[asm-9.7.jar:9.7]
	at org.objectweb.asm.ClassReader.readMethod(ClassReader.java:1512) ~[asm-9.7.jar:9.7]
	at org.objectweb.asm.ClassReader.accept(ClassReader.java:745) ~[asm-9.7.jar:9.7]
	at org.objectweb.asm.ClassReader.accept(ClassReader.java:425) ~[asm-9.7.jar:9.7]
	at org.bukkit.craftbukkit.v1_21_R1.util.Commodore.convert(Commodore.java:153) ~[spigot-1.21-R0.1-SNAPSHOT.jar:4226-Spigot-146439e-2889b3a]
	at org.bukkit.craftbukkit.v1_21_R1.util.CraftMagicNumbers.processClass(CraftMagicNumbers.java:323) ~[spigot-1.21-R0.1-SNAPSHOT.jar:4226-Spigot-146439e-2889b3a]
	at org.bukkit.plugin.java.PluginClassLoader.findClass(PluginClassLoader.java:183) ~[spigot-api-1.21-R0.1-SNAPSHOT.jar:?]
	at java.base/java.lang.ClassLoader.loadClass(ClassLoader.java:592) ~[?:?]
	at org.bukkit.plugin.java.PluginClassLoader.loadClass0(PluginClassLoader.java:117) ~[spigot-api-1.21-R0.1-SNAPSHOT.jar:?]
	at org.bukkit.plugin.java.PluginClassLoader.loadClass(PluginClassLoader.java:112) ~[spigot-api-1.21-R0.1-SNAPSHOT.jar:?]
	at java.base/java.lang.ClassLoader.loadClass(ClassLoader.java:525) ~[?:?]
	at org.sg.squareland.StartLand.onEnable(StartLand.java:85) ~[?:?]
	at org.bukkit.plugin.java.JavaPlugin.setEnabled(JavaPlugin.java:267) ~[spigot-api-1.21-R0.1-SNAPSHOT.jar:?]
	at org.bukkit.plugin.java.JavaPluginLoader.enablePlugin(JavaPluginLoader.java:342) ~[spigot-api-1.21-R0.1-SNAPSHOT.jar:?]
	at org.bukkit.plugin.SimplePluginManager.enablePlugin(SimplePluginManager.java:492) ~[spigot-api-1.21-R0.1-SNAPSHOT.jar:?]
	at org.bukkit.craftbukkit.v1_21_R1.CraftServer.enablePlugin(CraftServer.java:567) ~[spigot-1.21-R0.1-SNAPSHOT.jar:4226-Spigot-146439e-2889b3a]
	at org.bukkit.craftbukkit.v1_21_R1.CraftServer.enablePlugins(CraftServer.java:481) ~[spigot-1.21-R0.1-SNAPSHOT.jar:4226-Spigot-146439e-2889b3a]
	at net.minecraft.server.MinecraftServer.loadWorld0(MinecraftServer.java:641) ~[spigot-1.21-R0.1-SNAPSHOT.jar:4226-Spigot-146439e-2889b3a]
	at net.minecraft.server.MinecraftServer.loadLevel(MinecraftServer.java:426) ~[spigot-1.21-R0.1-SNAPSHOT.jar:4226-Spigot-146439e-2889b3a]
	at net.minecraft.server.dedicated.DedicatedServer.e(DedicatedServer.java:269) ~[spigot-1.21-R0.1-SNAPSHOT.jar:4226-Spigot-146439e-2889b3a]
	at net.minecraft.server.MinecraftServer.y(MinecraftServer.java:1017) ~[spigot-1.21-R0.1-SNAPSHOT.jar:4226-Spigot-146439e-2889b3a]
	at net.minecraft.server.MinecraftServer.lambda$spin$0(MinecraftServer.java:318) ~[spigot-1.21-R0.1-SNAPSHOT.jar:4226-Spigot-146439e-2889b3a]
	at java.base/java.lang.Thread.run(Thread.java:1570) [?:?]
[23:24:41] [Server thread/ERROR]: Fatal error trying to convert SGSquareLand v1.5.2:org/sg/squareland/command/WorldCommand.class
org.bukkit.plugin.AuthorNagException: No legacy enum constant for BIRCH_WALL_SIGN. Did you forget to define a modern (1.13+) api-version in your plugin.yml?
	at org.bukkit.craftbukkit.v1_21_R1.util.Commodore$1$1.visitFieldInsn(Commodore.java:262) ~[spigot-1.21-R0.1-SNAPSHOT.jar:4226-Spigot-146439e-2889b3a]
	at org.objectweb.asm.MethodVisitor.visitFieldInsn(MethodVisitor.java:403) ~[asm-9.7.jar:9.7]
	at org.objectweb.asm.commons.MethodRemapper.visitFieldInsn(MethodRemapper.java:145) ~[asm-commons-9.7.jar:9.7]
	at org.objectweb.asm.ClassReader.readCode(ClassReader.java:2443) ~[asm-9.7.jar:9.7]
	at org.objectweb.asm.ClassReader.readMethod(ClassReader.java:1512) ~[asm-9.7.jar:9.7]
	at org.objectweb.asm.ClassReader.accept(ClassReader.java:745) ~[asm-9.7.jar:9.7]
	at org.objectweb.asm.ClassReader.accept(ClassReader.java:425) ~[asm-9.7.jar:9.7]
	at org.bukkit.craftbukkit.v1_21_R1.util.Commodore.convert(Commodore.java:153) ~[spigot-1.21-R0.1-SNAPSHOT.jar:4226-Spigot-146439e-2889b3a]
	at org.bukkit.craftbukkit.v1_21_R1.util.CraftMagicNumbers.processClass(CraftMagicNumbers.java:323) ~[spigot-1.21-R0.1-SNAPSHOT.jar:4226-Spigot-146439e-2889b3a]
	at org.bukkit.plugin.java.PluginClassLoader.findClass(PluginClassLoader.java:183) ~[spigot-api-1.21-R0.1-SNAPSHOT.jar:?]
	at java.base/java.lang.ClassLoader.loadClass(ClassLoader.java:592) ~[?:?]
	at org.bukkit.plugin.java.PluginClassLoader.loadClass0(PluginClassLoader.java:117) ~[spigot-api-1.21-R0.1-SNAPSHOT.jar:?]
	at org.bukkit.plugin.java.PluginClassLoader.loadClass(PluginClassLoader.java:112) ~[spigot-api-1.21-R0.1-SNAPSHOT.jar:?]
	at java.base/java.lang.ClassLoader.loadClass(ClassLoader.java:525) ~[?:?]
	at org.sg.squareland.event.CreatePlantEvent.<init>(CreatePlantEvent.java:61) ~[?:?]
	at org.sg.squareland.StartLand.onEnable(StartLand.java:85) ~[?:?]
	at org.bukkit.plugin.java.JavaPlugin.setEnabled(JavaPlugin.java:267) ~[spigot-api-1.21-R0.1-SNAPSHOT.jar:?]
	at org.bukkit.plugin.java.JavaPluginLoader.enablePlugin(JavaPluginLoader.java:342) ~[spigot-api-1.21-R0.1-SNAPSHOT.jar:?]
	at org.bukkit.plugin.SimplePluginManager.enablePlugin(SimplePluginManager.java:492) ~[spigot-api-1.21-R0.1-SNAPSHOT.jar:?]
	at org.bukkit.craftbukkit.v1_21_R1.CraftServer.enablePlugin(CraftServer.java:567) ~[spigot-1.21-R0.1-SNAPSHOT.jar:4226-Spigot-146439e-2889b3a]
	at org.bukkit.craftbukkit.v1_21_R1.CraftServer.enablePlugins(CraftServer.java:481) ~[spigot-1.21-R0.1-SNAPSHOT.jar:4226-Spigot-146439e-2889b3a]
	at net.minecraft.server.MinecraftServer.loadWorld0(MinecraftServer.java:641) ~[spigot-1.21-R0.1-SNAPSHOT.jar:4226-Spigot-146439e-2889b3a]
	at net.minecraft.server.MinecraftServer.loadLevel(MinecraftServer.java:426) ~[spigot-1.21-R0.1-SNAPSHOT.jar:4226-Spigot-146439e-2889b3a]
	at net.minecraft.server.dedicated.DedicatedServer.e(DedicatedServer.java:269) ~[spigot-1.21-R0.1-SNAPSHOT.jar:4226-Spigot-146439e-2889b3a]
	at net.minecraft.server.MinecraftServer.y(MinecraftServer.java:1017) ~[spigot-1.21-R0.1-SNAPSHOT.jar:4226-Spigot-146439e-2889b3a]
	at net.minecraft.server.MinecraftServer.lambda$spin$0(MinecraftServer.java:318) ~[spigot-1.21-R0.1-SNAPSHOT.jar:4226-Spigot-146439e-2889b3a]
	at java.base/java.lang.Thread.run(Thread.java:1570) [?:?]
[23:24:41] [Server thread/INFO]: [SGSquareLand] §f[§6地皮系统§f]帅哥地皮已经启用！
[23:24:41] [Server thread/INFO]: [SGSquareLand] §f[§6地皮系统§f]ShuaiGe squareland enabled！
[23:24:41] [Server thread/INFO]: [Payment] Enabling Payment v1.1.6
[23:24:41] [Server thread/INFO]: 【码付】当前服务器：http://paycn.minezone.cn:10043，请在YUM等网络管理插件中放行
[23:24:41] [Server thread/INFO]: [NoBuildPlus] Enabling NoBuildPlus v1.3.4
[23:24:41] [Server thread/INFO]: [NoBuildPlus] Plugin loaded! Version: 1.3.4
[23:24:41] [Server thread/INFO]: [PlayersBackpacksViewer] Enabling PlayersBackpacksViewer v2.0-ForAllVersions
[23:24:41] [Server thread/INFO]: [STPA] Enabling STPA v1.0-SNAPSHOT
[23:24:41] [Server thread/INFO]: {GSY} STPA插件已加载
[23:24:41] [Server thread/INFO]: [ViaVersion] Enabling ViaVersion v5.0.1
[23:24:41] [Server thread/INFO]: [ViaVersion] ViaVersion detected server version: 1.21 (767)
[23:24:41] [Server thread/INFO]: [EpicCombat] Enabling EpicCombat v1.19
[23:24:41] [Server thread/INFO]: [ViaBackwards] Enabling ViaBackwards v5.0.2-SNAPSHOT
[23:24:42] [Server thread/INFO]: [PlayerStatistics] Enabling PlayerStatistics v1.1.1
[23:24:42] [Server thread/INFO]: PlayerStatistics v1.1.1 has started
[23:24:42] [Server thread/INFO]: [InteractionVisualizer] Enabling InteractionVisualizer v1.18.10.0
[23:24:46] [Server thread/INFO]: [InteractionVisualizer] Opened Sqlite database successfully
[23:24:47] [Server thread/INFO]: [PlaceholderAPI] Successfully registered internal expansion: interactionvisualizer [2.0.0]
[23:24:47] [Server thread/INFO]: [InteractionVisualizer] InteractionVisualizer has been enabled!
[23:24:47] [Server thread/INFO]: [Multiverse-Core] Enabling Multiverse-Core v4.3.1-b861
[23:24:47] [Server thread/WARN]: [Multiverse-Core] "Multiverse-Core v4.3.1-b861" has registered a listener for org.bukkit.event.entity.EntityCreatePortalEvent on method "public void com.onarandombox.MultiverseCore.listeners.MVPortalListener.entityPortalCreate(org.bukkit.event.entity.EntityCreatePortalEvent)", but the event is Deprecated. "Server performance will be affected"; please notify the authors [dumptruckman, Rigby, fernferret, lithium3141, main--].
[23:24:47] [Server thread/INFO]: [Multiverse-Core] §aWe are aware of the warning about the deprecated event. There is no alternative that allows us to do what we need to do and performance impact is negligible. It is safe to ignore.
[23:24:47] [Server thread/WARN]: [Multiverse-Core] WorldManager: Can't load this world because the folder was deleted/moved: sc
[23:24:47] [Server thread/WARN]: [Multiverse-Core] Use '/mv remove' to remove it from the config!
[23:24:47] [Server thread/INFO]: Preparing start region for dimension minecraft:xyx
[23:24:49] [Worker-Main-3/INFO]: Preparing spawn area: 0%
[23:24:49] [Worker-Main-3/INFO]: Preparing spawn area: 0%
[23:24:49] [Worker-Main-3/INFO]: Preparing spawn area: 0%
[23:24:49] [Worker-Main-3/INFO]: Preparing spawn area: 0%
[23:24:49] [Server thread/INFO]: Time elapsed: 1652 ms
[23:24:49] [Server thread/INFO]: Preparing start region for dimension minecraft:fps
[23:24:51] [Worker-Main-2/INFO]: Preparing spawn area: 0%
[23:24:51] [Worker-Main-2/INFO]: Preparing spawn area: 0%
[23:24:51] [Worker-Main-2/INFO]: Preparing spawn area: 0%
[23:24:51] [Worker-Main-2/INFO]: Preparing spawn area: 0%
[23:24:51] [Server thread/INFO]: Time elapsed: 1779 ms
[23:24:51] [Server thread/INFO]: Preparing start region for dimension minecraft:zc
[23:24:53] [Worker-Main-6/INFO]: Preparing spawn area: 0%
[23:24:53] [Worker-Main-6/INFO]: Preparing spawn area: 0%
[23:24:53] [Worker-Main-6/INFO]: Preparing spawn area: 0%
[23:24:53] [Worker-Main-6/INFO]: Preparing spawn area: 0%
[23:24:53] [Server thread/INFO]: Time elapsed: 1690 ms
[23:24:53] [Server thread/WARN]: [Multiverse-Core] WorldManager: Can't load this world because the folder was deleted/moved: DIM1
[23:24:53] [Server thread/WARN]: [Multiverse-Core] Use '/mv remove' to remove it from the config!
[23:24:53] [Server thread/WARN]: [Multiverse-Core] WorldManager: Can't load this world because the folder was deleted/moved: jojo
[23:24:53] [Server thread/WARN]: [Multiverse-Core] Use '/mv remove' to remove it from the config!
[23:24:53] [Server thread/WARN]: [Multiverse-Core] WorldManager: Can't load this world because the folder was deleted/moved: DIM-1
[23:24:53] [Server thread/WARN]: [Multiverse-Core] Use '/mv remove' to remove it from the config!
[23:24:53] [Server thread/INFO]: [Multiverse-Core] 7 - World(s) loaded.
[23:24:53] [Server thread/WARN]: [Multiverse-Core] Buscript failed to load! The script command will be disabled! If you would like not to see this message, use `/mv conf enablebuscript false` to disable Buscript from loading.
[23:24:53] [Server thread/INFO]: [Multiverse-Core] Version 4.3.1-b861 (API v24) Enabled - By dumptruckman, Rigby, fernferret, lithium3141 and main--
[23:24:53] [Server thread/INFO]: [PlayerTitle] Enabling PlayerTitle v4.1.3
[23:24:53] [Server thread/INFO]: [PlayerTitle] 成功加载Vault,启用经济相关功能!
[23:24:53] [Server thread/INFO]: [PlaceholderAPI] Successfully registered internal expansion: playerTitle [4.1.3]
[23:24:53] [Server thread/INFO]: [PlayerTitle] 成功加载placeholderApi,启用自定义变量功能!
[23:24:53] [Server thread/INFO]: [PlayerTitle] 成功加载PlayerPoints,启用点券相关功能!
[23:24:53] [Server thread/INFO]: [PlayerTitle] 未找到attributePlus,未启用属性标签相关功能!
[23:24:53] [Server thread/INFO]: [PlayerTitle] 未找到AttributeSystem,未启用属性标签相关功能!
[23:24:53] [Server thread/INFO]: [PlayerTitle] 未找到SXAttribute,未启用属性标签相关功能!
[23:24:53] [Server thread/INFO]: [PlayerTitle] 未找到SuperTrails,未启用粒子效果相关功能!
[23:24:53] [Server thread/INFO]: [PlayerTitle] 未找到MmoItems,未启用MmoItems buff相关功能!
[23:24:53] [Server thread/INFO]: [PlayerTitle] 未找到PlayerParticles,未启用PlayerParticles粒子效果功能!
[23:24:53] [Server thread/INFO]: [PlayerTitle] 
[23:24:53] [Server thread/INFO]: [PlayerTitle]  ____  _                      _____ _ _   _      
[23:24:53] [Server thread/INFO]: [PlayerTitle]  |  _ \| | __ _ _   _  ___ _ _|_   _(_) |_| | ___ 
[23:24:53] [Server thread/INFO]: [PlayerTitle]  | |_) | |/ _` | | | |/ _ \ '__|| | | | __| |/ _ \
[23:24:53] [Server thread/INFO]: [PlayerTitle]  |  __/| | (_| | |_| |  __/ |   | | | | |_| |  __/
[23:24:53] [Server thread/INFO]: [PlayerTitle]  |_|   |_|\__,_|\__, |\___|_|   |_| |_|\__|_|\___|
[23:24:53] [Server thread/INFO]: [PlayerTitle]                 |___/                             
[23:24:53] [Server thread/INFO]: [PlayerTitle] 已成功载入服务器！
[23:24:53] [Server thread/INFO]: [PlayerTitle] Author:handy WIKI: https://ricedoc.handyplus.cn/wiki/PlayerTitle/README/
[23:24:53] [Server thread/INFO]: [Vivecraft] Enabling Vivecraft-Spigot-Extensions v1.21-1
[23:24:53] [Server thread/INFO]: [CatSeedLogin] Enabling CatSeedLogin v[Unofficial]1.5.1-SNAPSHOT
[23:24:53] [Server thread/WARN]: [CatSeedLogin] 服务器没有装载ProtocolLib插件，这将无法使用登录前隐藏背包
[23:24:53] [Server thread/INFO]: [GSit] Enabling GSit v1.9.5
[23:24:54] [Server thread/INFO]: [GSit] The plugin was successfully enabled.
[23:24:54] [Server thread/INFO]: [GSit] Link with PlaceholderAPI successful!
[23:24:54] [Server thread/INFO]: [PlaceholderAPI] Successfully registered internal expansion: gsit [1.9.5]
[23:24:54] [Server thread/INFO]: [GSit] Link with ViaVersion successful!
[23:24:54] [Server thread/INFO]: [Geyser-Spigot] Enabling Geyser-Spigot v2.4.0-SNAPSHOT
[23:24:54] [Server thread/INFO]: [DemonMarket] Enabling DemonMarket v1.6.2
[23:24:54] [Server thread/WARN]: [DemonMarket] Could not save zh_cn.yml to plugins\DemonMarket\lang\zh_cn.yml because zh_cn.yml already exists.
[23:24:54] [Server thread/INFO]: [DemonMarket] Vault detected.
[23:24:54] [Server thread/INFO]: [PlayerMenu] Enabling PlayerMenu v1.3.2
[23:24:54] [Server thread/INFO]: [PlayerMenu] 已成功加载Vault 启用经济相关功能.
[23:24:54] [Server thread/INFO]: [PlayerMenu] 已成功加载PlayerPoints 启用点券相关功能.
[23:24:54] [Server thread/INFO]: [PlayerMenu] 已成功加载placeholderApi
[23:24:54] [Server thread/INFO]: [PlayerMenu] 你的服务端没有安装playerGuild 未兼容公会功能.
[23:24:54] [Server thread/INFO]: [PlayerMenu] 
[23:24:54] [Server thread/INFO]: [PlayerMenu]   ____  _                       __  __                  
[23:24:54] [Server thread/INFO]: [PlayerMenu]  |  _  | | __ _ _   _  ___ _ __|  /  | ___ _ __  _   _ 
[23:24:54] [Server thread/INFO]: [PlayerMenu]  | |_) | |/ _` | | | |/ _ \ '__| |/| |/ _ \ '_ \| | | |
[23:24:54] [Server thread/INFO]: [PlayerMenu]  |  __/| | (_| | |_| |  __/ |  | |  | |  __/ | | | |_| |
[23:24:54] [Server thread/INFO]: [PlayerMenu]  |_|   |_|\__,_|\__, |\___|_|  |_|  |_|\___|_| |_|\__,_|
[23:24:54] [Server thread/INFO]: [PlayerMenu]                 |___/                                   
[23:24:54] [Server thread/INFO]: [PlayerMenu] 已成功载入服务器！
[23:24:54] [Server thread/INFO]: [PlayerMenu] Author:handy 使用文档: https://ricedoc.handyplus.cn/wiki/PlayerMenu/README/
[23:24:54] [Server thread/INFO]: Server permissions file permissions.yml is empty, ignoring it
[23:24:54] [Server thread/INFO]: [PlaceholderAPI] Placeholder expansion registration initializing...
[23:24:54] [Server thread/INFO]: 0 placeholder hook(s) registered!
[23:24:54] [Server thread/INFO]: [Geyser-Spigot] ******************************************
[23:24:54] [Server thread/INFO]: [Geyser-Spigot] 
[23:24:54] [Server thread/INFO]: [Geyser-Spigot] 加载 Geyser 中, 版本 2.4.0-b599 (git-master-2a6025f)
[23:24:54] [Server thread/INFO]: [Geyser-Spigot] 
[23:24:54] [Server thread/INFO]: [Geyser-Spigot] ******************************************
[23:25:01] [Server thread/INFO]: [Geyser-Spigot] Geyser正在启动 0.0.0.0:19132
[23:25:01] [Server thread/INFO]: [Geyser-Spigot] 完成 (7.387s)! 执行/geyser help 来获取帮助信息!
[23:25:02] [Server thread/INFO]: Done (24.203s)! For help, type "help"
[23:25:02] [Server thread/INFO]: Stopping server
[23:25:02] [Server thread/INFO]: [PlayerMenu] Disabling PlayerMenu v1.3.2
[23:25:02] [Server thread/INFO]: [DemonMarket] Disabling DemonMarket v1.6.2
[23:25:02] [Server thread/INFO]: [DemonMarket] Disabled Version 1.6.2
[23:25:02] [Server thread/INFO]: [Geyser-Spigot] Disabling Geyser-Spigot v2.4.0-SNAPSHOT
[23:25:02] [Server thread/INFO]: [Geyser-Spigot] Geyser关闭中
[23:25:02] [Netty Server IO #1/ERROR]: Error sending packet clientbound/minecraft:disconnect
io.netty.handler.codec.EncoderException: Sending unknown packet 'clientbound/minecraft:disconnect'
	at net.minecraft.network.codec.IdDispatchCodec.a(SourceFile:47) ~[spigot-1.21-R0.1-SNAPSHOT.jar:4226-Spigot-146439e-2889b3a]
	at net.minecraft.network.codec.IdDispatchCodec.encode(SourceFile:14) ~[spigot-1.21-R0.1-SNAPSHOT.jar:4226-Spigot-146439e-2889b3a]
	at net.minecraft.network.PacketEncoder.a(SourceFile:26) ~[spigot-1.21-R0.1-SNAPSHOT.jar:4226-Spigot-146439e-2889b3a]
	at net.minecraft.network.PacketEncoder.encode(SourceFile:12) ~[spigot-1.21-R0.1-SNAPSHOT.jar:4226-Spigot-146439e-2889b3a]
	at io.netty.handler.codec.MessageToByteEncoder.write(MessageToByteEncoder.java:107) ~[netty-codec-4.1.97.Final.jar:4.1.97.Final]
	at io.netty.channel.AbstractChannelHandlerContext.invokeWrite0(AbstractChannelHandlerContext.java:881) ~[netty-transport-4.1.97.Final.jar:4.1.97.Final]
	at io.netty.channel.AbstractChannelHandlerContext.invokeWrite(AbstractChannelHandlerContext.java:863) ~[netty-transport-4.1.97.Final.jar:4.1.97.Final]
	at io.netty.channel.AbstractChannelHandlerContext.write(AbstractChannelHandlerContext.java:968) ~[netty-transport-4.1.97.Final.jar:4.1.97.Final]
	at io.netty.channel.AbstractChannelHandlerContext.write(AbstractChannelHandlerContext.java:856) ~[netty-transport-4.1.97.Final.jar:4.1.97.Final]
	at io.netty.channel.ChannelOutboundHandlerAdapter.write(ChannelOutboundHandlerAdapter.java:113) ~[netty-transport-4.1.97.Final.jar:4.1.97.Final]
	at net.minecraft.network.NetworkManager$2.write(NetworkManager.java:555) ~[spigot-1.21-R0.1-SNAPSHOT.jar:4226-Spigot-146439e-2889b3a]
	at io.netty.channel.AbstractChannelHandlerContext.invokeWrite0(AbstractChannelHandlerContext.java:881) ~[netty-transport-4.1.97.Final.jar:4.1.97.Final]
	at io.netty.channel.AbstractChannelHandlerContext.invokeWriteAndFlush(AbstractChannelHandlerContext.java:940) ~[netty-transport-4.1.97.Final.jar:4.1.97.Final]
	at io.netty.channel.AbstractChannelHandlerContext.write(AbstractChannelHandlerContext.java:966) ~[netty-transport-4.1.97.Final.jar:4.1.97.Final]
	at io.netty.channel.AbstractChannelHandlerContext.writeAndFlush(AbstractChannelHandlerContext.java:934) ~[netty-transport-4.1.97.Final.jar:4.1.97.Final]
	at io.netty.channel.AbstractChannelHandlerContext.writeAndFlush(AbstractChannelHandlerContext.java:984) ~[netty-transport-4.1.97.Final.jar:4.1.97.Final]
	at io.netty.channel.DefaultChannelPipeline.writeAndFlush(DefaultChannelPipeline.java:1025) ~[netty-transport-4.1.97.Final.jar:4.1.97.Final]
	at io.netty.channel.AbstractChannel.writeAndFlush(AbstractChannel.java:306) ~[netty-transport-4.1.97.Final.jar:4.1.97.Final]
	at net.minecraft.network.NetworkManager.c(NetworkManager.java:374) ~[spigot-1.21-R0.1-SNAPSHOT.jar:4226-Spigot-146439e-2889b3a]
	at net.minecraft.network.NetworkManager.b(NetworkManager.java:364) ~[spigot-1.21-R0.1-SNAPSHOT.jar:4226-Spigot-146439e-2889b3a]
	at net.minecraft.network.NetworkManager.a(NetworkManager.java:342) ~[spigot-1.21-R0.1-SNAPSHOT.jar:4226-Spigot-146439e-2889b3a]
	at net.minecraft.network.NetworkManager.a(NetworkManager.java:336) ~[spigot-1.21-R0.1-SNAPSHOT.jar:4226-Spigot-146439e-2889b3a]
	at net.minecraft.network.NetworkManager.exceptionCaught(NetworkManager.java:172) ~[spigot-1.21-R0.1-SNAPSHOT.jar:4226-Spigot-146439e-2889b3a]
	at io.netty.channel.AbstractChannelHandlerContext.invokeExceptionCaught(AbstractChannelHandlerContext.java:346) ~[netty-transport-4.1.97.Final.jar:4.1.97.Final]
	at io.netty.channel.AbstractChannelHandlerContext.invokeChannelRead(AbstractChannelHandlerContext.java:447) ~[netty-transport-4.1.97.Final.jar:4.1.97.Final]
	at io.netty.channel.AbstractChannelHandlerContext.invokeChannelRead(AbstractChannelHandlerContext.java:420) ~[netty-transport-4.1.97.Final.jar:4.1.97.Final]
	at io.netty.channel.AbstractChannelHandlerContext.fireChannelRead(AbstractChannelHandlerContext.java:412) ~[netty-transport-4.1.97.Final.jar:4.1.97.Final]
	at io.netty.handler.codec.ByteToMessageDecoder.fireChannelRead(ByteToMessageDecoder.java:346) ~[netty-codec-4.1.97.Final.jar:4.1.97.Final]
	at io.netty.handler.codec.ByteToMessageDecoder.channelRead(ByteToMessageDecoder.java:318) ~[netty-codec-4.1.97.Final.jar:4.1.97.Final]
	at io.netty.channel.AbstractChannelHandlerContext.invokeChannelRead(AbstractChannelHandlerContext.java:444) ~[netty-transport-4.1.97.Final.jar:4.1.97.Final]
	at io.netty.channel.AbstractChannelHandlerContext.invokeChannelRead(AbstractChannelHandlerContext.java:420) ~[netty-transport-4.1.97.Final.jar:4.1.97.Final]
	at io.netty.channel.AbstractChannelHandlerContext.fireChannelRead(AbstractChannelHandlerContext.java:412) ~[netty-transport-4.1.97.Final.jar:4.1.97.Final]
	at io.netty.handler.codec.MessageToMessageDecoder.channelRead(MessageToMessageDecoder.java:103) ~[netty-codec-4.1.97.Final.jar:4.1.97.Final]
	at io.netty.channel.AbstractChannelHandlerContext.invokeChannelRead(AbstractChannelHandlerContext.java:444) ~[netty-transport-4.1.97.Final.jar:4.1.97.Final]
	at io.netty.channel.AbstractChannelHandlerContext.invokeChannelRead(AbstractChannelHandlerContext.java:420) ~[netty-transport-4.1.97.Final.jar:4.1.97.Final]
	at io.netty.channel.AbstractChannelHandlerContext.fireChannelRead(AbstractChannelHandlerContext.java:412) ~[netty-transport-4.1.97.Final.jar:4.1.97.Final]
	at io.netty.handler.flow.FlowControlHandler.dequeue(FlowControlHandler.java:202) ~[netty-handler-4.1.97.Final.jar:4.1.97.Final]
	at io.netty.handler.flow.FlowControlHandler.channelRead(FlowControlHandler.java:164) ~[netty-handler-4.1.97.Final.jar:4.1.97.Final]
	at io.netty.channel.AbstractChannelHandlerContext.invokeChannelRead(AbstractChannelHandlerContext.java:442) ~[netty-transport-4.1.97.Final.jar:4.1.97.Final]
	at io.netty.channel.AbstractChannelHandlerContext.invokeChannelRead(AbstractChannelHandlerContext.java:420) ~[netty-transport-4.1.97.Final.jar:4.1.97.Final]
	at io.netty.channel.AbstractChannelHandlerContext.fireChannelRead(AbstractChannelHandlerContext.java:412) ~[netty-transport-4.1.97.Final.jar:4.1.97.Final]
	at io.netty.handler.codec.ByteToMessageDecoder.fireChannelRead(ByteToMessageDecoder.java:346) ~[netty-codec-4.1.97.Final.jar:4.1.97.Final]
	at io.netty.handler.codec.ByteToMessageDecoder.channelRead(ByteToMessageDecoder.java:318) ~[netty-codec-4.1.97.Final.jar:4.1.97.Final]
	at io.netty.channel.AbstractChannelHandlerContext.invokeChannelRead(AbstractChannelHandlerContext.java:444) ~[netty-transport-4.1.97.Final.jar:4.1.97.Final]
	at io.netty.channel.AbstractChannelHandlerContext.invokeChannelRead(AbstractChannelHandlerContext.java:420) ~[netty-transport-4.1.97.Final.jar:4.1.97.Final]
	at io.netty.channel.AbstractChannelHandlerContext.fireChannelRead(AbstractChannelHandlerContext.java:412) ~[netty-transport-4.1.97.Final.jar:4.1.97.Final]
	at net.minecraft.server.network.LegacyPingHandler.channelRead(LegacyPingHandler.java:73) ~[spigot-1.21-R0.1-SNAPSHOT.jar:4226-Spigot-146439e-2889b3a]
	at io.netty.channel.AbstractChannelHandlerContext.invokeChannelRead(AbstractChannelHandlerContext.java:444) ~[netty-transport-4.1.97.Final.jar:4.1.97.Final]
	at io.netty.channel.AbstractChannelHandlerContext.invokeChannelRead(AbstractChannelHandlerContext.java:420) ~[netty-transport-4.1.97.Final.jar:4.1.97.Final]
	at io.netty.channel.AbstractChannelHandlerContext.fireChannelRead(AbstractChannelHandlerContext.java:412) ~[netty-transport-4.1.97.Final.jar:4.1.97.Final]
	at io.netty.handler.timeout.IdleStateHandler.channelRead(IdleStateHandler.java:286) ~[netty-handler-4.1.97.Final.jar:4.1.97.Final]
	at io.netty.channel.AbstractChannelHandlerContext.invokeChannelRead(AbstractChannelHandlerContext.java:442) ~[netty-transport-4.1.97.Final.jar:4.1.97.Final]
	at io.netty.channel.AbstractChannelHandlerContext.invokeChannelRead(AbstractChannelHandlerContext.java:420) ~[netty-transport-4.1.97.Final.jar:4.1.97.Final]
	at io.netty.channel.AbstractChannelHandlerContext.fireChannelRead(AbstractChannelHandlerContext.java:412) ~[netty-transport-4.1.97.Final.jar:4.1.97.Final]
	at io.netty.channel.DefaultChannelPipeline$HeadContext.channelRead(DefaultChannelPipeline.java:1410) ~[netty-transport-4.1.97.Final.jar:4.1.97.Final]
	at io.netty.channel.AbstractChannelHandlerContext.invokeChannelRead(AbstractChannelHandlerContext.java:440) ~[netty-transport-4.1.97.Final.jar:4.1.97.Final]
	at io.netty.channel.AbstractChannelHandlerContext.invokeChannelRead(AbstractChannelHandlerContext.java:420) ~[netty-transport-4.1.97.Final.jar:4.1.97.Final]
	at io.netty.channel.DefaultChannelPipeline.fireChannelRead(DefaultChannelPipeline.java:919) ~[netty-transport-4.1.97.Final.jar:4.1.97.Final]
	at io.netty.channel.nio.AbstractNioByteChannel$NioByteUnsafe.read(AbstractNioByteChannel.java:166) ~[netty-transport-4.1.97.Final.jar:4.1.97.Final]
	at io.netty.channel.nio.NioEventLoop.processSelectedKey(NioEventLoop.java:788) ~[netty-transport-4.1.97.Final.jar:4.1.97.Final]
	at io.netty.channel.nio.NioEventLoop.processSelectedKeysOptimized(NioEventLoop.java:724) ~[netty-transport-4.1.97.Final.jar:4.1.97.Final]
	at io.netty.channel.nio.NioEventLoop.processSelectedKeys(NioEventLoop.java:650) ~[netty-transport-4.1.97.Final.jar:4.1.97.Final]
	at io.netty.channel.nio.NioEventLoop.run(NioEventLoop.java:562) ~[netty-transport-4.1.97.Final.jar:4.1.97.Final]
	at io.netty.util.concurrent.SingleThreadEventExecutor$4.run(SingleThreadEventExecutor.java:997) ~[netty-common-4.1.97.Final.jar:4.1.97.Final]
	at io.netty.util.internal.ThreadExecutorMap$2.run(ThreadExecutorMap.java:74) ~[netty-common-4.1.97.Final.jar:4.1.97.Final]
	at java.base/java.lang.Thread.run(Thread.java:1570) [?:?]
[23:25:02] [Server thread/INFO]: [Geyser-Spigot] Geyser成功关闭.
[23:25:02] [Server thread/INFO]: [GSit] Disabling GSit v1.9.5
[23:25:02] [Server thread/INFO]: [GSit] The plugin was successfully disabled.
[23:25:02] [Server thread/INFO]: [CatSeedLogin] Disabling CatSeedLogin v[Unofficial]1.5.1-SNAPSHOT
[23:25:02] [Server thread/INFO]: [Vivecraft] Disabling Vivecraft-Spigot-Extensions v1.21-1
[23:25:02] [Server thread/INFO]: [PlayerTitle] Disabling PlayerTitle v4.1.3
[23:25:02] [Server thread/INFO]: [SkinsRestorer] Disabling SkinsRestorer v15.1.0
[23:25:02] [Server thread/INFO]: [Multiverse-Core] Disabling Multiverse-Core v4.3.1-b861
[23:25:02] [Server thread/INFO]: [PlayerPoints] Disabling PlayerPoints v3.2.7
[23:25:02] [Server thread/INFO]: [XConomy] Disabling XConomy v2.26.3
[23:25:02] [Server thread/INFO]: [XConomy] XConomy successfully disabled
[23:25:02] [Server thread/INFO]: [InteractionVisualizer] Disabling InteractionVisualizer v1.18.10.0
[23:25:02] [Server thread/INFO]: [PlaceholderAPI] Unregistered placeholder expansion interactionvisualizer
[23:25:02] [Server thread/INFO]: [PlaceholderAPI] Reason: required plugin InteractionVisualizer was disabled.
[23:25:02] [Server thread/INFO]: [InteractionVisualizer] Saving player preferences bitmask index, do not halt the server.
[23:25:02] [Server thread/INFO]: [InteractionVisualizer] InteractionVisualizer has been disabled!
[23:25:02] [Server thread/INFO]: [ViaRewind] Disabling ViaRewind v4.0.2-SNAPSHOT
[23:25:02] [Server thread/INFO]: [PlayerStatistics] Disabling PlayerStatistics v1.1.1
[23:25:02] [Server thread/INFO]: [ViaBackwards] Disabling ViaBackwards v5.0.2-SNAPSHOT
[23:25:02] [Server thread/INFO]: [EpicCombat] Disabling EpicCombat v1.19
[23:25:02] [Server thread/INFO]: [Vault] Disabling Vault v1.7.3-b131
[23:25:02] [Server thread/INFO]: [ViaVersion] Disabling ViaVersion v5.0.1
[23:25:02] [Server thread/INFO]: [ViaVersion] ViaVersion is disabling, if this is a reload and you experience issues consider rebooting.
[23:25:02] [Server thread/INFO]: [ViaVersion] Empty pipeline, nothing to uninject
[23:25:02] [Server thread/INFO]: [STPA] Disabling STPA v1.0-SNAPSHOT
[23:25:02] [Server thread/INFO]: [PlayersBackpacksViewer] Disabling PlayersBackpacksViewer v2.0-ForAllVersions
[23:25:02] [Server thread/INFO]: [NoBuildPlus] Disabling NoBuildPlus v1.3.4
[23:25:02] [Server thread/INFO]: [Payment] Disabling Payment v1.1.6
[23:25:02] [Server thread/INFO]: [SGSquareLand] Disabling SGSquareLand v1.5.2
[23:25:02] [Server thread/INFO]: [SGSquareLand] §f[§6地皮系统§f]帅哥地皮已经卸载！
[23:25:02] [Server thread/INFO]: [SGSquareLand] §f[§6地皮系统§f]ShuaiGe squareland unloaded！
[23:25:02] [Server thread/INFO]: [AdvancedWarps] Disabling AdvancedWarps v1.0.0
[23:25:02] [Server thread/INFO]: [SuperMotd] Disabling SuperMotd v1.0
[23:25:02] [Server thread/INFO]: [Stp] Disabling Stp v1.0.1
[23:25:02] [Server thread/INFO]: [PlaceholderAPI] Disabling PlaceholderAPI v2.11.6
[23:25:02] [Server thread/INFO]: Saving players
[23:25:02] [Server thread/INFO]: Saving worlds
[23:25:03] [Server thread/INFO]: Saving chunks for level 'ServerLevel[world]'/minecraft:overworld
[23:25:03] [Server thread/INFO]: Saving chunks for level 'ServerLevel[world_nether]'/minecraft:the_nether
[23:25:03] [Server thread/INFO]: Saving chunks for level 'ServerLevel[world_the_end]'/minecraft:the_end
[23:25:03] [Server thread/INFO]: Saving chunks for level 'ServerLevel[squareland_world]'/minecraft:squareland_world
[23:25:03] [Server thread/INFO]: Saving chunks for level 'ServerLevel[xyx]'/minecraft:xyx
[23:25:03] [ForkJoinPool.commonPool-worker-1/WARN]: [Geyser-Spigot] 无法获取本地附件缓存 zip file closed
[23:25:03] [Server thread/INFO]: Saving chunks for level 'ServerLevel[fps]'/minecraft:fps
[23:25:03] [Server thread/INFO]: Saving chunks for level 'ServerLevel[zc]'/minecraft:zc
[23:25:03] [Server thread/INFO]: ThreadedAnvilChunkStorage (world): All chunks are saved
[23:25:03] [Server thread/INFO]: ThreadedAnvilChunkStorage (DIM-1): All chunks are saved
[23:25:03] [Server thread/INFO]: ThreadedAnvilChunkStorage (DIM1): All chunks are saved
[23:25:03] [Server thread/INFO]: ThreadedAnvilChunkStorage (squareland_world): All chunks are saved
[23:25:03] [Server thread/INFO]: ThreadedAnvilChunkStorage (xyx): All chunks are saved
[23:25:03] [Server thread/INFO]: ThreadedAnvilChunkStorage (fps): All chunks are saved
[23:25:03] [Server thread/INFO]: ThreadedAnvilChunkStorage (zc): All chunks are saved
[23:25:03] [Server thread/INFO]: ThreadedAnvilChunkStorage: All dimensions are saved
